c:\users\44791\source\repos\macgyver_v1\macgyver\x64\debug\vc143.pdb
c:\users\44791\source\repos\macgyver_v1\macgyver\x64\debug\vc143.idb
c:\users\44791\source\repos\macgyver_v1\macgyver\x64\debug\camera.nativecodeanalysis.sarif
c:\users\44791\source\repos\macgyver_v1\macgyver\x64\debug\camera.nativecodeanalysis.xml
c:\users\44791\source\repos\macgyver_v1\macgyver\x64\debug\component.nativecodeanalysis.sarif
c:\users\44791\source\repos\macgyver_v1\macgyver\x64\debug\component.nativecodeanalysis.xml
c:\users\44791\source\repos\macgyver_v1\macgyver\x64\debug\componentdata.nativecodeanalysis.sarif
c:\users\44791\source\repos\macgyver_v1\macgyver\x64\debug\componentdata.nativecodeanalysis.xml
c:\users\44791\source\repos\macgyver_v1\macgyver\x64\debug\componentmanager.nativecodeanalysis.sarif
c:\users\44791\source\repos\macgyver_v1\macgyver\x64\debug\componentmanager.nativecodeanalysis.xml
c:\users\44791\source\repos\macgyver_v1\macgyver\x64\debug\force2d.nativecodeanalysis.sarif
c:\users\44791\source\repos\macgyver_v1\macgyver\x64\debug\force2d.nativecodeanalysis.xml
c:\users\44791\source\repos\macgyver_v1\macgyver\x64\debug\gameobject.nativecodeanalysis.sarif
c:\users\44791\source\repos\macgyver_v1\macgyver\x64\debug\gameobject.nativecodeanalysis.xml
c:\users\44791\source\repos\macgyver_v1\macgyver\x64\debug\globals.nativecodeanalysis.sarif
c:\users\44791\source\repos\macgyver_v1\macgyver\x64\debug\globals.nativecodeanalysis.xml
c:\users\44791\source\repos\macgyver_v1\macgyver\x64\debug\input.nativecodeanalysis.sarif
c:\users\44791\source\repos\macgyver_v1\macgyver\x64\debug\input.nativecodeanalysis.xml
c:\users\44791\source\repos\macgyver_v1\macgyver\x64\debug\main.nativecodeanalysis.sarif
c:\users\44791\source\repos\macgyver_v1\macgyver\x64\debug\main.nativecodeanalysis.xml
c:\users\44791\source\repos\macgyver_v1\macgyver\x64\debug\physics2d.nativecodeanalysis.sarif
c:\users\44791\source\repos\macgyver_v1\macgyver\x64\debug\physics2d.nativecodeanalysis.xml
c:\users\44791\source\repos\macgyver_v1\macgyver\x64\debug\playercontroller.nativecodeanalysis.sarif
c:\users\44791\source\repos\macgyver_v1\macgyver\x64\debug\playercontroller.nativecodeanalysis.xml
c:\users\44791\source\repos\macgyver_v1\macgyver\x64\debug\renderable.nativecodeanalysis.sarif
c:\users\44791\source\repos\macgyver_v1\macgyver\x64\debug\renderable.nativecodeanalysis.xml
c:\users\44791\source\repos\macgyver_v1\macgyver\x64\debug\scene.nativecodeanalysis.sarif
c:\users\44791\source\repos\macgyver_v1\macgyver\x64\debug\scene.nativecodeanalysis.xml
c:\users\44791\source\repos\macgyver_v1\macgyver\x64\debug\vector3.nativecodeanalysis.sarif
c:\users\44791\source\repos\macgyver_v1\macgyver\x64\debug\vector3.nativecodeanalysis.xml
c:\users\44791\source\repos\macgyver_v1\macgyver\x64\debug\velocity.nativecodeanalysis.sarif
c:\users\44791\source\repos\macgyver_v1\macgyver\x64\debug\velocity.nativecodeanalysis.xml
c:\users\44791\source\repos\macgyver_v1\macgyver\x64\debug\velocity.obj
c:\users\44791\source\repos\macgyver_v1\macgyver\x64\debug\vector3.obj
c:\users\44791\source\repos\macgyver_v1\macgyver\x64\debug\scene.obj
c:\users\44791\source\repos\macgyver_v1\macgyver\x64\debug\renderable.obj
c:\users\44791\source\repos\macgyver_v1\macgyver\x64\debug\playercontroller.obj
c:\users\44791\source\repos\macgyver_v1\macgyver\x64\debug\physics2d.obj
c:\users\44791\source\repos\macgyver_v1\macgyver\x64\debug\main.obj
c:\users\44791\source\repos\macgyver_v1\macgyver\x64\debug\input.obj
c:\users\44791\source\repos\macgyver_v1\macgyver\x64\debug\globals.obj
c:\users\44791\source\repos\macgyver_v1\macgyver\x64\debug\gameobject.obj
c:\users\44791\source\repos\macgyver_v1\macgyver\x64\debug\force2d.obj
c:\users\44791\source\repos\macgyver_v1\macgyver\x64\debug\componentmanager.obj
c:\users\44791\source\repos\macgyver_v1\macgyver\x64\debug\componentdata.obj
c:\users\44791\source\repos\macgyver_v1\macgyver\x64\debug\component.obj
c:\users\44791\source\repos\macgyver_v1\macgyver\x64\debug\camera.obj
c:\users\44791\source\repos\macgyver_v1\macgyver\x64\debug\macgyver.ilk
c:\users\44791\source\repos\macgyver_v1\x64\debug\macgyver.exe
c:\users\44791\source\repos\macgyver_v1\x64\debug\macgyver.pdb
c:\users\44791\source\repos\macgyver_v1\macgyver\x64\debug\vc.nativecodeanalysis.all.xml
c:\users\44791\source\repos\macgyver_v1\macgyver\x64\debug\macgyver.tlog\cl.command.1.tlog
c:\users\44791\source\repos\macgyver_v1\macgyver\x64\debug\macgyver.tlog\cl.items.tlog
c:\users\44791\source\repos\macgyver_v1\macgyver\x64\debug\macgyver.tlog\cl.read.1.tlog
c:\users\44791\source\repos\macgyver_v1\macgyver\x64\debug\macgyver.tlog\cl.write.1.tlog
c:\users\44791\source\repos\macgyver_v1\macgyver\x64\debug\macgyver.tlog\link.command.1.tlog
c:\users\44791\source\repos\macgyver_v1\macgyver\x64\debug\macgyver.tlog\link.read.1.tlog
c:\users\44791\source\repos\macgyver_v1\macgyver\x64\debug\macgyver.tlog\link.write.1.tlog
